This file contains any messages produced by compilers while
running configure, to aid debugging if configure makes a mistake.

It was created by server configure 1.0, which was
generated by GNU Autoconf 2.69.  Invocation command line was

  $ ./configure 

## --------- ##
## Platform. ##
## --------- ##

hostname = TC-1000150.local
uname -m = x86_64
uname -r = 17.6.0
uname -s = Darwin
uname -v = Darwin Kernel Version 17.6.0: Tue May  8 15:22:16 PDT 2018; root:xnu-4570.61.1~1/RELEASE_X86_64

/usr/bin/uname -p = i386
/bin/uname -X     = unknown

/bin/arch              = unknown
/usr/bin/arch -k       = unknown
/usr/convex/getsysinfo = unknown
/usr/bin/hostinfo      = Mach kernel version:
	 Darwin Kernel Version 17.6.0: Tue May  8 15:22:16 PDT 2018; root:xnu-4570.61.1~1/RELEASE_X86_64
Kernel configured for up to 4 processors.
2 processors are physically available.
4 processors are logically available.
Processor type: x86_64h (Intel x86-64h Haswell)
Processors active: 0 1 2 3
Primary memory available: 8.00 gigabytes
Default processor set: 312 tasks, 1678 threads, 4 processors
Load average: 2.32, Mach factor: 1.66
/bin/machine           = unknown
/usr/bin/oslevel       = unknown
/bin/universe          = unknown

PATH: /Users/ashish.bhatt/.cargo/bin
PATH: /usr/local/bin
PATH: /usr/local/sbin
PATH: /usr/bin
PATH: /bin
PATH: /usr/sbin
PATH: /sbin
PATH: /usr/local/go/bin
PATH: /usr/local/share/dotnet
PATH: /Library/Frameworks/Mono.framework/Versions/Current/Commands
PATH: /Applications/Xamarin
PATH: /Users/ashish.bhatt/.yadr/bin
PATH: /Users/ashish.bhatt/.yadr/bin/yadr
PATH: /Users/ashish.bhatt/go/bin


## ----------- ##
## Core tests. ##
## ----------- ##

configure:1786: checking for clang++
configure:1802: found /usr/bin/clang++
configure:1813: result: clang++
configure:1840: checking for C++ compiler version
configure:1849: clang++ --version >&5
Apple LLVM version 9.1.0 (clang-902.0.39.2)
Target: x86_64-apple-darwin17.6.0
Thread model: posix
InstalledDir: /Applications/Xcode.app/Contents/Developer/Toolchains/XcodeDefault.xctoolchain/usr/bin
configure:1860: $? = 0
configure:1849: clang++ -v >&5
Apple LLVM version 9.1.0 (clang-902.0.39.2)
Target: x86_64-apple-darwin17.6.0
Thread model: posix
InstalledDir: /Applications/Xcode.app/Contents/Developer/Toolchains/XcodeDefault.xctoolchain/usr/bin
configure:1860: $? = 0
configure:1849: clang++ -V >&5
clang: error: argument to '-V' is missing (expected 1 value)
clang: error: no input files
configure:1860: $? = 1
configure:1849: clang++ -qversion >&5
clang: error: unknown argument: '-qversion'
clang: error: no input files
configure:1860: $? = 1
configure:1880: checking whether the C++ compiler works
configure:1902: clang++    conftest.cpp  >&5
configure:1906: $? = 0
configure:1954: result: yes
configure:1957: checking for C++ compiler default output file name
configure:1959: result: a.out
configure:1965: checking for suffix of executables
configure:1972: clang++ -o conftest    conftest.cpp  >&5
configure:1976: $? = 0
configure:1998: result: 
configure:2020: checking whether we are cross compiling
configure:2028: clang++ -o conftest    conftest.cpp  >&5
configure:2032: $? = 0
configure:2039: ./conftest
configure:2043: $? = 0
configure:2058: result: no
configure:2063: checking for suffix of object files
configure:2085: clang++ -c   conftest.cpp >&5
configure:2089: $? = 0
configure:2110: result: o
configure:2114: checking whether we are using the GNU C++ compiler
configure:2133: clang++ -c   conftest.cpp >&5
configure:2133: $? = 0
configure:2142: result: yes
configure:2151: checking whether clang++ accepts -g
configure:2171: clang++ -c -g  conftest.cpp >&5
configure:2171: $? = 0
configure:2212: result: yes
configure:2387: creating ./config.status

## ---------------------- ##
## Running config.status. ##
## ---------------------- ##

This file was extended by server config.status 1.0, which was
generated by GNU Autoconf 2.69.  Invocation command line was

  CONFIG_FILES    = 
  CONFIG_HEADERS  = 
  CONFIG_LINKS    = 
  CONFIG_COMMANDS = 
  $ ./config.status 

on TC-1000150.local

config.status:719: creating Makefile

## ---------------- ##
## Cache variables. ##
## ---------------- ##

ac_cv_cxx_compiler_gnu=yes
ac_cv_env_CCC_set=
ac_cv_env_CCC_value=
ac_cv_env_CPPFLAGS_set=
ac_cv_env_CPPFLAGS_value=
ac_cv_env_CXXFLAGS_set=
ac_cv_env_CXXFLAGS_value=
ac_cv_env_CXX_set=
ac_cv_env_CXX_value=
ac_cv_env_LDFLAGS_set=
ac_cv_env_LDFLAGS_value=
ac_cv_env_LIBS_set=
ac_cv_env_LIBS_value=
ac_cv_env_build_alias_set=
ac_cv_env_build_alias_value=
ac_cv_env_host_alias_set=
ac_cv_env_host_alias_value=
ac_cv_env_target_alias_set=
ac_cv_env_target_alias_value=
ac_cv_objext=o
ac_cv_prog_ac_ct_CXX=clang++
ac_cv_prog_cxx_g=yes

## ----------------- ##
## Output variables. ##
## ----------------- ##

CPPFLAGS=''
CXX='clang++'
CXXFLAGS='-g -O2'
DEFS='-DPACKAGE_NAME=\"server\" -DPACKAGE_TARNAME=\"server\" -DPACKAGE_VERSION=\"1.0\" -DPACKAGE_STRING=\"server\ 1.0\" -DPACKAGE_BUGREPORT=\"\" -DPACKAGE_URL=\"\"'
ECHO_C='\c'
ECHO_N=''
ECHO_T=''
EXEEXT=''
LDFLAGS=''
LIBOBJS=''
LIBS=''
LTLIBOBJS=''
OBJEXT='o'
PACKAGE_BUGREPORT=''
PACKAGE_NAME='server'
PACKAGE_STRING='server 1.0'
PACKAGE_TARNAME='server'
PACKAGE_URL=''
PACKAGE_VERSION='1.0'
PATH_SEPARATOR=':'
SHELL='/bin/sh'
ac_ct_CXX='clang++'
bindir='${exec_prefix}/bin'
build_alias=''
datadir='${datarootdir}'
datarootdir='${prefix}/share'
docdir='${datarootdir}/doc/${PACKAGE_TARNAME}'
dvidir='${docdir}'
exec_prefix='${prefix}'
host_alias=''
htmldir='${docdir}'
includedir='${prefix}/include'
infodir='${datarootdir}/info'
libdir='${exec_prefix}/lib'
libexecdir='${exec_prefix}/libexec'
localedir='${datarootdir}/locale'
localstatedir='${prefix}/var'
mandir='${datarootdir}/man'
oldincludedir='/usr/include'
pdfdir='${docdir}'
prefix='/usr/local'
program_transform_name='s,x,x,'
psdir='${docdir}'
sbindir='${exec_prefix}/sbin'
sharedstatedir='${prefix}/com'
sysconfdir='${prefix}/etc'
target_alias=''

## ----------- ##
## confdefs.h. ##
## ----------- ##

/* confdefs.h */
#define PACKAGE_NAME "server"
#define PACKAGE_TARNAME "server"
#define PACKAGE_VERSION "1.0"
#define PACKAGE_STRING "server 1.0"
#define PACKAGE_BUGREPORT ""
#define PACKAGE_URL ""

configure: exit 0
